<?xml version="1.0" encoding="UTF-8"?>
<!-- Generated by org.testng.reporters.JUnitReportReporter -->
<testsuite hostname="ntphat5" failures="0" tests="2" name="TestRunner" time="0.208" errors="0" timestamp="2022-04-22T08:35:37 ICT" skipped="0">
  <testcase classname="TestRunner" name="runScenario" time="0.104"/>
  <system-out/>
  <testcase classname="TestRunner" name="runScenario" time="0.104"/>
  <system-out/>
</testsuite> <!-- TestRunner -->
