<?xml version="1.0" encoding="UTF-8"?>
<!-- Generated by org.testng.reporters.JUnitReportReporter -->
<testsuite hostname="ntphat5" failures="0" tests="1" name="com.example.AppTest" time="0.003" errors="0" timestamp="2022-04-22T08:35:37 ICT" skipped="0">
  <testcase classname="com.example.AppTest" name="shouldAnswerWithTrue" time="0.003"/>
  <system-out/>
</testsuite> <!-- com.example.AppTest -->
