<?xml version="1.0" encoding="UTF-8"?>
<!-- Generated by org.testng.reporters.JUnitReportReporter -->
<testsuite hostname="ntphat5" failures="0" tests="11" name="TestRunner" time="0.912" errors="0" timestamp="2022-04-25T15:29:45 ICT" skipped="0">
  <testcase classname="TestRunner" name="runScenario" time="0.091"/>
  <system-out/>
  <testcase classname="TestRunner" name="runScenario" time="0.091"/>
  <system-out/>
  <testcase classname="TestRunner" name="runScenario" time="0.091"/>
  <system-out/>
  <testcase classname="TestRunner" name="runScenario" time="0.091"/>
  <system-out/>
  <testcase classname="TestRunner" name="runScenario" time="0.091"/>
  <system-out/>
  <testcase classname="TestRunner" name="runScenario" time="0.002"/>
  <system-out/>
  <testcase classname="TestRunner" name="runScenario" time="0.091"/>
  <system-out/>
  <testcase classname="TestRunner" name="runScenario" time="0.091"/>
  <system-out/>
  <testcase classname="TestRunner" name="runScenario" time="0.091"/>
  <system-out/>
  <testcase classname="TestRunner" name="runScenario" time="0.091"/>
  <system-out/>
  <testcase classname="TestRunner" name="runScenario" time="0.091"/>
  <system-out/>
</testsuite> <!-- TestRunner -->
